<?xml version="1.0" encoding="UTF-8"?>
<!-- Generated by org.testng.reporters.JUnitReportReporter -->
<testsuite hostname="vijay" failures="0" tests="3" name="TestNG.Axis.DependsonMethods" time="0.010" errors="0" timestamp="2024-02-26T15:15:49 IST" skipped="0">
  <testcase classname="TestNG.Axis.DependsonMethods" name="testcase3" time="0.001"/>
  <system-out/>
  <testcase classname="TestNG.Axis.DependsonMethods" name="testcase1" time="0.008"/>
  <system-out/>
  <testcase classname="TestNG.Axis.DependsonMethods" name="testcase2" time="0.001"/>
  <system-out/>
</testsuite> <!-- TestNG.Axis.DependsonMethods -->
