<?xml version="1.0" encoding="UTF-8"?>
<!-- Generated by org.testng.reporters.JUnitReportReporter -->
<testsuite hostname="vijay" failures="0" tests="1" name="TestNG.Axis.invokeedge" time="6.890" errors="0" timestamp="2024-02-29T00:22:54 IST" skipped="0">
  <testcase classname="TestNG.Axis.invokeedge" name="edge" time="6.890"/>
  <system-out/>
</testsuite> <!-- TestNG.Axis.invokeedge -->
