<?xml version="1.0" encoding="UTF-8"?>
<!-- Generated by org.testng.reporters.JUnitReportReporter -->
<testsuite hostname="vijay" failures="0" tests="1" name="TestNG.Axis.listenertestclass" time="3.775" errors="0" timestamp="2024-02-27T11:14:39 IST" skipped="0">
  <testcase classname="TestNG.Axis.listenertestclass" name="invokechrome" time="3.775"/>
  <system-out/>
</testsuite> <!-- TestNG.Axis.listenertestclass -->
