<?xml version="1.0" encoding="UTF-8"?>
<!-- Generated by org.testng.reporters.JUnitReportReporter -->
<testsuite hostname="vijay" failures="0" tests="4" name="TestNG.Axis.annotations" time="0.008" errors="0" timestamp="2024-02-27T11:45:23 IST" skipped="0">
  <testcase classname="TestNG.Axis.annotations" name="testcase3" time="0.001"/>
  <system-out/>
  <testcase classname="TestNG.Axis.annotations" name="testcase4" time="0.001"/>
  <system-out/>
  <testcase classname="TestNG.Axis.annotations" name="testcase2" time="0.001"/>
  <system-out/>
  <testcase classname="TestNG.Axis.annotations" name="testcase1" time="0.005"/>
  <system-out/>
</testsuite> <!-- TestNG.Axis.annotations -->
