<?xml version="1.0" encoding="UTF-8"?>
<!-- Generated by org.testng.reporters.JUnitReportReporter -->
<testsuite hostname="vijay" failures="0" tests="3" name="TestNG.Axis.enableoption" time="0.013" errors="0" timestamp="2024-02-26T16:35:21 IST" skipped="1">
  <testcase classname="TestNG.Axis.enableoption" name="testcase3" time="0.001"/>
  <system-out/>
  <testcase classname="TestNG.Axis.enableoption" name="testcase2" time="0.012"/>
  <system-out/>
  <testcase classname="TestNG.Axis.enableoption" name="testcase1">
    <skipped/>
  </testcase> <!-- testcase1 -->
  <system-out/>
</testsuite> <!-- TestNG.Axis.enableoption -->
