<?xml version="1.0" encoding="UTF-8"?>
<!-- Generated by org.testng.reporters.JUnitReportReporter -->
<testsuite hostname="vijay" failures="0" tests="3" name="TestNG.Axis.priority" time="0.012" errors="0" timestamp="2024-02-26T15:21:13 IST" skipped="0">
  <testcase classname="TestNG.Axis.priority" name="testcase1" time="0.008"/>
  <system-out/>
  <testcase classname="TestNG.Axis.priority" name="testcase2" time="0.001"/>
  <system-out/>
  <testcase classname="TestNG.Axis.priority" name="testcase3" time="0.003"/>
  <system-out/>
</testsuite> <!-- TestNG.Axis.priority -->
