<?xml version="1.0" encoding="UTF-8"?>
<!-- Generated by org.testng.reporters.JUnitReportReporter -->
<testsuite hostname="vijay" failures="0" tests="4" name="TestNG.Axis.Grouping" time="0.016" errors="0" timestamp="2024-02-26T16:54:39 IST" skipped="0">
  <testcase classname="TestNG.Axis.Grouping" name="addtocarts" time="0.012"/>
  <system-out/>
  <testcase classname="TestNG.Axis.Grouping" name="payment" time="0.002"/>
  <system-out/>
  <testcase classname="TestNG.Axis.Grouping" name="login" time="0.002"/>
  <system-out/>
  <testcase classname="TestNG.Axis.Grouping" name="products" time="0.000"/>
  <system-out/>
</testsuite> <!-- TestNG.Axis.Grouping -->
